do nothing
[Modelarts Service Log]user: uid=1101(work) gid=1101(work) groups=1101(work)
[Modelarts Service Log]pwd: /home/work
[Modelarts Service Log]app_url: s3://resnext-tk/MA-ResNeXt-in-tensorflow-master-11-03-14-34/code/
[Modelarts Service Log]boot_file: code/cifar10_train.py
[Modelarts Service Log]log_url: /tmp/log/MA-ResNeXt-in-tensorflow-master-11-03-14-34.log
[Modelarts Service Log]command: code/cifar10_train.py --data_url=s3://resnext-tk/ResNeXt-in-tensorflow-master/cifar10_data/cifar-10-batches-py/ --train_url=s3://resnext-tk/MA-ResNeXt-in-tensorflow-master-11-03-14-34/output/V0009/ --num_gpus=1
[Modelarts Service Log]MODELARTS_IPOIB_DEVICE: 
[Modelarts Service Log]dependencies_file_dir: /home/work/user-job-dir/code
[Modelarts Service Log][modelarts_create_log] modelarts-pipe found
[Modelarts Service Log]handle inputs of training job
INFO:root:Using MoXing-v1.17.3-4c644d5b
INFO:root:Using OBS-Python-SDK-3.20.7
[ModelArts Service Log][INFO][2020/11/03 16:52:25]: env MA_INPUTS is not found, skip the inputs handler
INFO:root:Using MoXing-v1.17.3-4c644d5b
INFO:root:Using OBS-Python-SDK-3.20.7
[ModelArts Service Log]2020-11-03 16:52:26,356 - modelarts-downloader.py[line:619] - INFO: Main: modelarts-downloader starting with Namespace(dst='./', recursive=True, skip_creating_dir=False, src='s3://resnext-tk/MA-ResNeXt-in-tensorflow-master-11-03-14-34/code/', trace=False, type='common', verbose=False)
/home/work/user-job-dir
mkdir: cannot create directory ‘logs’: File exists
[ModelArts Service Log]modelarts-pipe: will create log file /tmp/log/MA-ResNeXt-in-tensorflow-master-11-03-14-34.log
[ModelArts Service Log]modelarts-pipe: will create log file /tmp/log/MA-ResNeXt-in-tensorflow-master-11-03-14-34.log
[ModelArts Service Log]modelarts-pipe: will write log file /tmp/log/MA-ResNeXt-in-tensorflow-master-11-03-14-34.log
[ModelArts Service Log]modelarts-pipe: param for max log length: 1073741824
[ModelArts Service Log]modelarts-pipe: param for whether exit on overflow: 0
[Modelarts Service Log][modelarts_logger] modelarts-pipe found
[ModelArts Service Log]modelarts-pipe: total length: 2147
Traceback (most recent call last):
  File "/home/work/anaconda/lib/python3.6/site-packages/absl/flags/_flag.py", line 181, in _parse
    return self.parser.parse(argument)
  File "/home/work/anaconda/lib/python3.6/site-packages/absl/flags/_argument_parser.py", line 171, in parse
    val = self.convert(argument)
  File "/home/work/anaconda/lib/python3.6/site-packages/absl/flags/_argument_parser.py", line 284, in convert
    return int(argument, base)
ValueError: invalid literal for int() with base 10: ''
During handling of the above exception, another exception occurred:
Traceback (most recent call last):
  File "code/cifar10_train.py", line 5, in <module>
    from resNeXt import *
  File "/cache/user-job-dir/code/resNeXt.py", line 10, in <module>
    from hyper_parameters import *
  File "/cache/user-job-dir/code/hyper_parameters.py", line 69, in <module>
    tf.app.flags.DEFINE_integer('num_gpus', "", '''num_gpus''')
  File "/home/work/anaconda/lib/python3.6/site-packages/tensorflow/python/platform/flags.py", line 58, in wrapper
    return original_function(*args, **kwargs)
  File "/home/work/anaconda/lib/python3.6/site-packages/absl/flags/_defines.py", line 368, in DEFINE_integer
    result = DEFINE(parser, name, default, help, flag_values, serializer, **args)
  File "/home/work/anaconda/lib/python3.6/site-packages/absl/flags/_defines.py", line 102, in DEFINE
    _flag.Flag(parser, serializer, name, default, help, **args), flag_values,
  File "/home/work/anaconda/lib/python3.6/site-packages/absl/flags/_flag.py", line 110, in __init__
    self._set_default(default)
  File "/home/work/anaconda/lib/python3.6/site-packages/absl/flags/_flag.py", line 216, in _set_default
    self.default = self._parse_from_default(value)
  File "/home/work/anaconda/lib/python3.6/site-packages/absl/flags/_flag.py", line 224, in _parse_from_default
    return self._parse(value)
  File "/home/work/anaconda/lib/python3.6/site-packages/absl/flags/_flag.py", line 184, in _parse
    'flag --%s=%s: %s' % (self.name, argument, e))
absl.flags._exceptions.IllegalFlagValueError: flag --num_gpus=: invalid literal for int() with base 10: ''
[Modelarts Service Log]Training end with return code: 1
[Modelarts Service Log]Training completed.
